Analysis & Synthesis report for CPU
Fri Jan 17 14:33:19 2020
Quartus Prime Version 16.1.2 Build 203 01/18/2017 SJ Standard Edition


---------------------
; Table of Contents ;
---------------------
  1. Legal Notice
  2. Analysis & Synthesis Summary
  3. Analysis & Synthesis Settings
  4. Parallel Compilation
  5. Analysis & Synthesis Source Files Read
  6. Analysis & Synthesis Resource Usage Summary
  7. Analysis & Synthesis Resource Utilization by Entity
  8. Analysis & Synthesis RAM Summary
  9. Registers Removed During Synthesis
 10. General Register Statistics
 11. Registers Added for RAM Pass-Through Logic
 12. Multiplexer Restructuring Statistics (Restructuring Performed)
 13. Source assignments for RAM:r1|altsyncram:mem_rtl_0|altsyncram_dfo1:auto_generated
 14. Parameter Settings for User Entity Instance: Top-level Entity: |CPU
 15. Parameter Settings for User Entity Instance: sequencer:s1
 16. Parameter Settings for User Entity Instance: IR:i1
 17. Parameter Settings for User Entity Instance: PC:p1
 18. Parameter Settings for User Entity Instance: ALU:a1
 19. Parameter Settings for User Entity Instance: RAM:r1
 20. Parameter Settings for User Entity Instance: ROM:r2
 21. Parameter Settings for User Entity Instance: SSR:r3
 22. Parameter Settings for Inferred Entity Instance: RAM:r1|altsyncram:mem_rtl_0
 23. altsyncram Parameter Settings by Entity Instance
 24. Post-Synthesis Netlist Statistics for Top Partition
 25. Elapsed Time Per Partition
 26. Analysis & Synthesis Messages



----------------
; Legal Notice ;
----------------
Copyright (C) 2017  Intel Corporation. All rights reserved.
Your use of Intel Corporation's design tools, logic functions 
and other software and tools, and its AMPP partner logic 
functions, and any output files from any of the foregoing 
(including device programming or simulation files), and any 
associated documentation or information are expressly subject 
to the terms and conditions of the Intel Program License 
Subscription Agreement, the Intel Quartus Prime License Agreement,
the Intel MegaCore Function License Agreement, or other 
applicable license agreement, including, without limitation, 
that your use is for the sole purpose of programming logic 
devices manufactured by Intel and sold by Intel or its 
authorized distributors.  Please refer to the applicable 
agreement for further details.



+-----------------------------------------------------------------------------------+
; Analysis & Synthesis Summary                                                      ;
+---------------------------------+-------------------------------------------------+
; Analysis & Synthesis Status     ; Successful - Fri Jan 17 14:33:18 2020           ;
; Quartus Prime Version           ; 16.1.2 Build 203 01/18/2017 SJ Standard Edition ;
; Revision Name                   ; CPU                                             ;
; Top-level Entity Name           ; CPU                                             ;
; Family                          ; Cyclone V                                       ;
; Logic utilization (in ALMs)     ; N/A                                             ;
; Total registers                 ; 80                                              ;
; Total pins                      ; 38                                              ;
; Total virtual pins              ; 0                                               ;
; Total block memory bits         ; 128                                             ;
; Total DSP Blocks                ; 0                                               ;
; Total HSSI RX PCSs              ; 0                                               ;
; Total HSSI PMA RX Deserializers ; 0                                               ;
; Total HSSI TX PCSs              ; 0                                               ;
; Total HSSI PMA TX Serializers   ; 0                                               ;
; Total PLLs                      ; 0                                               ;
; Total DLLs                      ; 0                                               ;
+---------------------------------+-------------------------------------------------+


+---------------------------------------------------------------------------------------------------------------------------+
; Analysis & Synthesis Settings                                                                                             ;
+---------------------------------------------------------------------------------+--------------------+--------------------+
; Option                                                                          ; Setting            ; Default Value      ;
+---------------------------------------------------------------------------------+--------------------+--------------------+
; Device                                                                          ; 5CSEMA5F31C6       ;                    ;
; Top-level entity name                                                           ; CPU                ; CPU                ;
; Family name                                                                     ; Cyclone V          ; Cyclone V          ;
; Use smart compilation                                                           ; Off                ; Off                ;
; Enable parallel Assembler and TimeQuest Timing Analyzer during compilation      ; On                 ; On                 ;
; Enable compact report table                                                     ; Off                ; Off                ;
; Restructure Multiplexers                                                        ; Auto               ; Auto               ;
; MLAB Add Timing Constraints For Mixed-Port Feed-Through Mode Setting Don't Care ; Off                ; Off                ;
; Create Debugging Nodes for IP Cores                                             ; Off                ; Off                ;
; Preserve fewer node names                                                       ; On                 ; On                 ;
; OpenCore Plus hardware evaluation                                               ; Enable             ; Enable             ;
; Verilog Version                                                                 ; Verilog_2001       ; Verilog_2001       ;
; VHDL Version                                                                    ; VHDL_1993          ; VHDL_1993          ;
; State Machine Processing                                                        ; Auto               ; Auto               ;
; Safe State Machine                                                              ; Off                ; Off                ;
; Extract Verilog State Machines                                                  ; On                 ; On                 ;
; Extract VHDL State Machines                                                     ; On                 ; On                 ;
; Ignore Verilog initial constructs                                               ; Off                ; Off                ;
; Iteration limit for constant Verilog loops                                      ; 5000               ; 5000               ;
; Iteration limit for non-constant Verilog loops                                  ; 250                ; 250                ;
; Add Pass-Through Logic to Inferred RAMs                                         ; On                 ; On                 ;
; Infer RAMs from Raw Logic                                                       ; On                 ; On                 ;
; Parallel Synthesis                                                              ; On                 ; On                 ;
; DSP Block Balancing                                                             ; Auto               ; Auto               ;
; NOT Gate Push-Back                                                              ; On                 ; On                 ;
; Power-Up Don't Care                                                             ; On                 ; On                 ;
; Remove Redundant Logic Cells                                                    ; Off                ; Off                ;
; Remove Duplicate Registers                                                      ; On                 ; On                 ;
; Ignore CARRY Buffers                                                            ; Off                ; Off                ;
; Ignore CASCADE Buffers                                                          ; Off                ; Off                ;
; Ignore GLOBAL Buffers                                                           ; Off                ; Off                ;
; Ignore ROW GLOBAL Buffers                                                       ; Off                ; Off                ;
; Ignore LCELL Buffers                                                            ; Off                ; Off                ;
; Ignore SOFT Buffers                                                             ; On                 ; On                 ;
; Limit AHDL Integers to 32 Bits                                                  ; Off                ; Off                ;
; Optimization Technique                                                          ; Balanced           ; Balanced           ;
; Carry Chain Length                                                              ; 70                 ; 70                 ;
; Auto Carry Chains                                                               ; On                 ; On                 ;
; Auto Open-Drain Pins                                                            ; On                 ; On                 ;
; Perform WYSIWYG Primitive Resynthesis                                           ; Off                ; Off                ;
; Auto ROM Replacement                                                            ; On                 ; On                 ;
; Auto RAM Replacement                                                            ; On                 ; On                 ;
; Auto DSP Block Replacement                                                      ; On                 ; On                 ;
; Auto Shift Register Replacement                                                 ; Auto               ; Auto               ;
; Allow Shift Register Merging across Hierarchies                                 ; Auto               ; Auto               ;
; Auto Clock Enable Replacement                                                   ; On                 ; On                 ;
; Strict RAM Replacement                                                          ; Off                ; Off                ;
; Allow Synchronous Control Signals                                               ; On                 ; On                 ;
; Force Use of Synchronous Clear Signals                                          ; Off                ; Off                ;
; Auto Resource Sharing                                                           ; Off                ; Off                ;
; Allow Any RAM Size For Recognition                                              ; Off                ; Off                ;
; Allow Any ROM Size For Recognition                                              ; Off                ; Off                ;
; Allow Any Shift Register Size For Recognition                                   ; Off                ; Off                ;
; Use LogicLock Constraints during Resource Balancing                             ; On                 ; On                 ;
; Ignore translate_off and synthesis_off directives                               ; Off                ; Off                ;
; Timing-Driven Synthesis                                                         ; On                 ; On                 ;
; Report Parameter Settings                                                       ; On                 ; On                 ;
; Report Source Assignments                                                       ; On                 ; On                 ;
; Report Connectivity Checks                                                      ; On                 ; On                 ;
; Ignore Maximum Fan-Out Assignments                                              ; Off                ; Off                ;
; Synchronization Register Chain Length                                           ; 3                  ; 3                  ;
; PowerPlay Power Optimization During Synthesis                                   ; Normal compilation ; Normal compilation ;
; HDL message level                                                               ; Level2             ; Level2             ;
; Suppress Register Optimization Related Messages                                 ; Off                ; Off                ;
; Number of Removed Registers Reported in Synthesis Report                        ; 5000               ; 5000               ;
; Number of Swept Nodes Reported in Synthesis Report                              ; 5000               ; 5000               ;
; Number of Inverted Registers Reported in Synthesis Report                       ; 100                ; 100                ;
; Clock MUX Protection                                                            ; On                 ; On                 ;
; Auto Gated Clock Conversion                                                     ; Off                ; Off                ;
; Block Design Naming                                                             ; Auto               ; Auto               ;
; SDC constraint protection                                                       ; Off                ; Off                ;
; Synthesis Effort                                                                ; Auto               ; Auto               ;
; Shift Register Replacement - Allow Asynchronous Clear Signal                    ; On                 ; On                 ;
; Pre-Mapping Resynthesis Optimization                                            ; Off                ; Off                ;
; Analysis & Synthesis Message Level                                              ; Medium             ; Medium             ;
; Disable Register Merging Across Hierarchies                                     ; Auto               ; Auto               ;
; Resource Aware Inference For Block RAM                                          ; On                 ; On                 ;
; Automatic Parallel Synthesis                                                    ; On                 ; On                 ;
; Partial Reconfiguration Bitstream ID                                            ; Off                ; Off                ;
+---------------------------------------------------------------------------------+--------------------+--------------------+


+------------------------------------------+
; Parallel Compilation                     ;
+----------------------------+-------------+
; Processors                 ; Number      ;
+----------------------------+-------------+
; Number detected on machine ; 12          ;
; Maximum allowed            ; 6           ;
;                            ;             ;
; Average used               ; 1.00        ;
; Maximum used               ; 6           ;
;                            ;             ;
; Usage by Processor         ; % Time Used ;
;     Processor 1            ; 100.0%      ;
;     Processors 2-6         ;   0.0%      ;
+----------------------------+-------------+


+-------------------------------------------------------------------------------------------------------------------------------------------------------------------------+
; Analysis & Synthesis Source Files Read                                                                                                                                  ;
+----------------------------------+-----------------+------------------------------+---------------------------------------------------------------------------+---------+
; File Name with User-Entered Path ; Used in Netlist ; File Type                    ; File Name with Absolute Path                                              ; Library ;
+----------------------------------+-----------------+------------------------------+---------------------------------------------------------------------------+---------+
; ../cpu2/ssr.sv                   ; yes             ; User SystemVerilog HDL File  ; H:/D2/cpu2/ssr.sv                                                         ;         ;
; ../cpu2/sevenseg.sv              ; yes             ; User SystemVerilog HDL File  ; H:/D2/cpu2/sevenseg.sv                                                    ;         ;
; ../cpu2/sequencer.sv             ; yes             ; User SystemVerilog HDL File  ; H:/D2/cpu2/sequencer.sv                                                   ;         ;
; ../cpu2/rom.sv                   ; yes             ; User SystemVerilog HDL File  ; H:/D2/cpu2/rom.sv                                                         ;         ;
; ../cpu2/ram.sv                   ; yes             ; User SystemVerilog HDL File  ; H:/D2/cpu2/ram.sv                                                         ;         ;
; ../cpu2/pc.sv                    ; yes             ; User SystemVerilog HDL File  ; H:/D2/cpu2/pc.sv                                                          ;         ;
; ../cpu2/ir.sv                    ; yes             ; User SystemVerilog HDL File  ; H:/D2/cpu2/ir.sv                                                          ;         ;
; ../cpu2/cpu.sv                   ; yes             ; User SystemVerilog HDL File  ; H:/D2/cpu2/cpu.sv                                                         ;         ;
; ../cpu2/alu.sv                   ; yes             ; User SystemVerilog HDL File  ; H:/D2/cpu2/alu.sv                                                         ;         ;
; opcodes.h                        ; yes             ; Auto-Found File              ; H:/D2/cpu4/opcodes.h                                                      ;         ;
; altsyncram.tdf                   ; yes             ; Megafunction                 ; c:/apps/altera/16.1/quartus/libraries/megafunctions/altsyncram.tdf        ;         ;
; stratix_ram_block.inc            ; yes             ; Megafunction                 ; c:/apps/altera/16.1/quartus/libraries/megafunctions/stratix_ram_block.inc ;         ;
; lpm_mux.inc                      ; yes             ; Megafunction                 ; c:/apps/altera/16.1/quartus/libraries/megafunctions/lpm_mux.inc           ;         ;
; lpm_decode.inc                   ; yes             ; Megafunction                 ; c:/apps/altera/16.1/quartus/libraries/megafunctions/lpm_decode.inc        ;         ;
; aglobal161.inc                   ; yes             ; Megafunction                 ; c:/apps/altera/16.1/quartus/libraries/megafunctions/aglobal161.inc        ;         ;
; a_rdenreg.inc                    ; yes             ; Megafunction                 ; c:/apps/altera/16.1/quartus/libraries/megafunctions/a_rdenreg.inc         ;         ;
; altrom.inc                       ; yes             ; Megafunction                 ; c:/apps/altera/16.1/quartus/libraries/megafunctions/altrom.inc            ;         ;
; altram.inc                       ; yes             ; Megafunction                 ; c:/apps/altera/16.1/quartus/libraries/megafunctions/altram.inc            ;         ;
; altdpram.inc                     ; yes             ; Megafunction                 ; c:/apps/altera/16.1/quartus/libraries/megafunctions/altdpram.inc          ;         ;
; db/altsyncram_dfo1.tdf           ; yes             ; Auto-Generated Megafunction  ; H:/D2/cpu4/db/altsyncram_dfo1.tdf                                         ;         ;
+----------------------------------+-----------------+------------------------------+---------------------------------------------------------------------------+---------+


+-----------------------------------------------------------+
; Analysis & Synthesis Resource Usage Summary               ;
+---------------------------------------------+-------------+
; Resource                                    ; Usage       ;
+---------------------------------------------+-------------+
; Estimate of Logic utilization (ALMs needed) ; 83          ;
;                                             ;             ;
; Combinational ALUT usage for logic          ; 135         ;
;     -- 7 input functions                    ; 1           ;
;     -- 6 input functions                    ; 25          ;
;     -- 5 input functions                    ; 23          ;
;     -- 4 input functions                    ; 58          ;
;     -- <=3 input functions                  ; 28          ;
;                                             ;             ;
; Dedicated logic registers                   ; 80          ;
;                                             ;             ;
; I/O pins                                    ; 38          ;
; Total MLAB memory bits                      ; 0           ;
; Total block memory bits                     ; 128         ;
;                                             ;             ;
; Total DSP Blocks                            ; 0           ;
;                                             ;             ;
; Maximum fan-out node                        ; clock~input ;
; Maximum fan-out                             ; 88          ;
; Total fan-out                               ; 1062        ;
; Average fan-out                             ; 3.55        ;
+---------------------------------------------+-------------+


+-------------------------------------------------------------------------------------------------------------------------------------------------------------------------------------------------------------------------------------------------------+
; Analysis & Synthesis Resource Utilization by Entity                                                                                                                                                                                                   ;
+-------------------------------------------+---------------------+---------------------------+-------------------+------------+------+--------------+-----------------------------------------------------------------+-----------------+--------------+
; Compilation Hierarchy Node                ; Combinational ALUTs ; Dedicated Logic Registers ; Block Memory Bits ; DSP Blocks ; Pins ; Virtual Pins ; Full Hierarchy Name                                             ; Entity Name     ; Library Name ;
+-------------------------------------------+---------------------+---------------------------+-------------------+------------+------+--------------+-----------------------------------------------------------------+-----------------+--------------+
; |CPU                                      ; 135 (31)            ; 80 (0)                    ; 128               ; 0          ; 38   ; 0            ; |CPU                                                            ; CPU             ; work         ;
;    |ALU:a1|                               ; 12 (12)             ; 8 (8)                     ; 0                 ; 0          ; 0    ; 0            ; |CPU|ALU:a1                                                     ; ALU             ; work         ;
;    |IR:i1|                                ; 0 (0)               ; 8 (8)                     ; 0                 ; 0          ; 0    ; 0            ; |CPU|IR:i1                                                      ; IR              ; work         ;
;    |PC:p1|                                ; 8 (8)               ; 5 (5)                     ; 0                 ; 0          ; 0    ; 0            ; |CPU|PC:p1                                                      ; PC              ; work         ;
;    |RAM:r1|                               ; 20 (20)             ; 39 (39)                   ; 128               ; 0          ; 0    ; 0            ; |CPU|RAM:r1                                                     ; RAM             ; work         ;
;       |altsyncram:mem_rtl_0|              ; 0 (0)               ; 0 (0)                     ; 128               ; 0          ; 0    ; 0            ; |CPU|RAM:r1|altsyncram:mem_rtl_0                                ; altsyncram      ; work         ;
;          |altsyncram_dfo1:auto_generated| ; 0 (0)               ; 0 (0)                     ; 128               ; 0          ; 0    ; 0            ; |CPU|RAM:r1|altsyncram:mem_rtl_0|altsyncram_dfo1:auto_generated ; altsyncram_dfo1 ; work         ;
;    |ROM:r2|                               ; 4 (4)               ; 0 (0)                     ; 0                 ; 0          ; 0    ; 0            ; |CPU|ROM:r2                                                     ; ROM             ; work         ;
;    |SSR:r3|                               ; 11 (11)             ; 16 (16)                   ; 0                 ; 0          ; 0    ; 0            ; |CPU|SSR:r3                                                     ; SSR             ; work         ;
;    |sequencer:s1|                         ; 21 (21)             ; 4 (4)                     ; 0                 ; 0          ; 0    ; 0            ; |CPU|sequencer:s1                                               ; sequencer       ; work         ;
;    |sevenseg:d0|                          ; 7 (7)               ; 0 (0)                     ; 0                 ; 0          ; 0    ; 0            ; |CPU|sevenseg:d0                                                ; sevenseg        ; work         ;
;    |sevenseg:d1|                          ; 7 (7)               ; 0 (0)                     ; 0                 ; 0          ; 0    ; 0            ; |CPU|sevenseg:d1                                                ; sevenseg        ; work         ;
;    |sevenseg:d2|                          ; 7 (7)               ; 0 (0)                     ; 0                 ; 0          ; 0    ; 0            ; |CPU|sevenseg:d2                                                ; sevenseg        ; work         ;
;    |sevenseg:d3|                          ; 7 (7)               ; 0 (0)                     ; 0                 ; 0          ; 0    ; 0            ; |CPU|sevenseg:d3                                                ; sevenseg        ; work         ;
+-------------------------------------------+---------------------+---------------------------+-------------------+------------+------+--------------+-----------------------------------------------------------------+-----------------+--------------+
Note: For table entries with two numbers listed, the numbers in parentheses indicate the number of resources of the given type used by the specific entity alone. The numbers listed outside of parentheses indicate the total resources of the given type used by the specific entity and all of its sub-entities in the hierarchy.


+---------------------------------------------------------------------------------------------------------------------------------------------------------------------------+
; Analysis & Synthesis RAM Summary                                                                                                                                          ;
+-----------------------------------------------------------------------+------+------------------+--------------+--------------+--------------+--------------+------+------+
; Name                                                                  ; Type ; Mode             ; Port A Depth ; Port A Width ; Port B Depth ; Port B Width ; Size ; MIF  ;
+-----------------------------------------------------------------------+------+------------------+--------------+--------------+--------------+--------------+------+------+
; RAM:r1|altsyncram:mem_rtl_0|altsyncram_dfo1:auto_generated|ALTSYNCRAM ; AUTO ; Simple Dual Port ; 16           ; 8            ; 16           ; 8            ; 128  ; None ;
+-----------------------------------------------------------------------+------+------------------+--------------+--------------+--------------+--------------+------+------+


+---------------------------------------------------------------------------------+
; Registers Removed During Synthesis                                              ;
+----------------------------------------+----------------------------------------+
; Register name                          ; Reason for Removal                     ;
+----------------------------------------+----------------------------------------+
; sequencer:s1|Present_State[4..31]      ; Stuck at GND due to stuck port data_in ;
; ROM:r2|mar[4]                          ; Merged with RAM:r1|mar[4]              ;
; SSR:r3|mar[4]                          ; Merged with RAM:r1|mar[4]              ;
; ROM:r2|mar[3]                          ; Merged with RAM:r1|mar[3]              ;
; SSR:r3|mar[3]                          ; Merged with RAM:r1|mar[3]              ;
; ROM:r2|mar[2]                          ; Merged with RAM:r1|mar[2]              ;
; SSR:r3|mar[2]                          ; Merged with RAM:r1|mar[2]              ;
; ROM:r2|mar[1]                          ; Merged with RAM:r1|mar[1]              ;
; SSR:r3|mar[1]                          ; Merged with RAM:r1|mar[1]              ;
; ROM:r2|mar[0]                          ; Merged with RAM:r1|mar[0]              ;
; SSR:r3|mar[0]                          ; Merged with RAM:r1|mar[0]              ;
; Total Number of Removed Registers = 38 ;                                        ;
+----------------------------------------+----------------------------------------+


+------------------------------------------------------+
; General Register Statistics                          ;
+----------------------------------------------+-------+
; Statistic                                    ; Value ;
+----------------------------------------------+-------+
; Total registers                              ; 80    ;
; Number of registers using Synchronous Clear  ; 0     ;
; Number of registers using Synchronous Load   ; 16    ;
; Number of registers using Asynchronous Clear ; 59    ;
; Number of registers using Asynchronous Load  ; 0     ;
; Number of registers using Clock Enable       ; 63    ;
; Number of registers using Preset             ; 0     ;
+----------------------------------------------+-------+


+------------------------------------------------+
; Registers Added for RAM Pass-Through Logic     ;
+-----------------------------+------------------+
; Register Name               ; RAM Name         ;
+-----------------------------+------------------+
; RAM:r1|mem_rtl_0_bypass[0]  ; RAM:r1|mem_rtl_0 ;
; RAM:r1|mem_rtl_0_bypass[1]  ; RAM:r1|mem_rtl_0 ;
; RAM:r1|mem_rtl_0_bypass[2]  ; RAM:r1|mem_rtl_0 ;
; RAM:r1|mem_rtl_0_bypass[3]  ; RAM:r1|mem_rtl_0 ;
; RAM:r1|mem_rtl_0_bypass[4]  ; RAM:r1|mem_rtl_0 ;
; RAM:r1|mem_rtl_0_bypass[5]  ; RAM:r1|mem_rtl_0 ;
; RAM:r1|mem_rtl_0_bypass[6]  ; RAM:r1|mem_rtl_0 ;
; RAM:r1|mem_rtl_0_bypass[7]  ; RAM:r1|mem_rtl_0 ;
; RAM:r1|mem_rtl_0_bypass[8]  ; RAM:r1|mem_rtl_0 ;
; RAM:r1|mem_rtl_0_bypass[9]  ; RAM:r1|mem_rtl_0 ;
; RAM:r1|mem_rtl_0_bypass[10] ; RAM:r1|mem_rtl_0 ;
; RAM:r1|mem_rtl_0_bypass[11] ; RAM:r1|mem_rtl_0 ;
; RAM:r1|mem_rtl_0_bypass[12] ; RAM:r1|mem_rtl_0 ;
; RAM:r1|mem_rtl_0_bypass[13] ; RAM:r1|mem_rtl_0 ;
; RAM:r1|mem_rtl_0_bypass[14] ; RAM:r1|mem_rtl_0 ;
; RAM:r1|mem_rtl_0_bypass[15] ; RAM:r1|mem_rtl_0 ;
; RAM:r1|mem_rtl_0_bypass[16] ; RAM:r1|mem_rtl_0 ;
+-----------------------------+------------------+


+------------------------------------------------------------------------------------------------------------------------------------------+
; Multiplexer Restructuring Statistics (Restructuring Performed)                                                                           ;
+--------------------+-----------+---------------+----------------------+------------------------+------------+----------------------------+
; Multiplexer Inputs ; Bus Width ; Baseline Area ; Area if Restructured ; Saving if Restructured ; Registered ; Example Multiplexer Output ;
+--------------------+-----------+---------------+----------------------+------------------------+------------+----------------------------+
; 3:1                ; 8 bits    ; 16 LEs        ; 0 LEs                ; 16 LEs                 ; Yes        ; |CPU|ALU:a1|acc[0]         ;
; 3:1                ; 8 bits    ; 16 LEs        ; 0 LEs                ; 16 LEs                 ; Yes        ; |CPU|SSR:r3|mdr[6]         ;
; 5:1                ; 8 bits    ; 24 LEs        ; 16 LEs               ; 8 LEs                  ; Yes        ; |CPU|RAM:r1|mdr[3]         ;
; 6:1                ; 2 bits    ; 8 LEs         ; 8 LEs                ; 0 LEs                  ; No         ; |CPU|sysbus[5]             ;
; 6:1                ; 5 bits    ; 20 LEs        ; 20 LEs               ; 0 LEs                  ; No         ; |CPU|sysbus[0]             ;
+--------------------+-----------+---------------+----------------------+------------------------+------------+----------------------------+


+-----------------------------------------------------------------------------------+
; Source assignments for RAM:r1|altsyncram:mem_rtl_0|altsyncram_dfo1:auto_generated ;
+---------------------------------+--------------------+------+---------------------+
; Assignment                      ; Value              ; From ; To                  ;
+---------------------------------+--------------------+------+---------------------+
; OPTIMIZE_POWER_DURING_SYNTHESIS ; NORMAL_COMPILATION ; -    ; -                   ;
+---------------------------------+--------------------+------+---------------------+


+---------------------------------------------------------------------+
; Parameter Settings for User Entity Instance: Top-level Entity: |CPU ;
+----------------+-------+--------------------------------------------+
; Parameter Name ; Value ; Type                                       ;
+----------------+-------+--------------------------------------------+
; WORD_W         ; 8     ; Signed Integer                             ;
; OP_W           ; 3     ; Signed Integer                             ;
+----------------+-------+--------------------------------------------+
Note: In order to hide this table in the UI and the text report file, please set the "Show Parameter Settings in Synthesis Report" option in "Analysis and Synthesis Settings -> More Settings" to "Off".


+-----------------------------------------------------------+
; Parameter Settings for User Entity Instance: sequencer:s1 ;
+----------------+-------+----------------------------------+
; Parameter Name ; Value ; Type                             ;
+----------------+-------+----------------------------------+
; WORD_W         ; 8     ; Signed Integer                   ;
; OP_W           ; 3     ; Signed Integer                   ;
+----------------+-------+----------------------------------+
Note: In order to hide this table in the UI and the text report file, please set the "Show Parameter Settings in Synthesis Report" option in "Analysis and Synthesis Settings -> More Settings" to "Off".


+----------------------------------------------------+
; Parameter Settings for User Entity Instance: IR:i1 ;
+----------------+-------+---------------------------+
; Parameter Name ; Value ; Type                      ;
+----------------+-------+---------------------------+
; WORD_W         ; 8     ; Signed Integer            ;
; OP_W           ; 3     ; Signed Integer            ;
+----------------+-------+---------------------------+
Note: In order to hide this table in the UI and the text report file, please set the "Show Parameter Settings in Synthesis Report" option in "Analysis and Synthesis Settings -> More Settings" to "Off".


+----------------------------------------------------+
; Parameter Settings for User Entity Instance: PC:p1 ;
+----------------+-------+---------------------------+
; Parameter Name ; Value ; Type                      ;
+----------------+-------+---------------------------+
; WORD_W         ; 8     ; Signed Integer            ;
; OP_W           ; 3     ; Signed Integer            ;
+----------------+-------+---------------------------+
Note: In order to hide this table in the UI and the text report file, please set the "Show Parameter Settings in Synthesis Report" option in "Analysis and Synthesis Settings -> More Settings" to "Off".


+-----------------------------------------------------+
; Parameter Settings for User Entity Instance: ALU:a1 ;
+----------------+-------+----------------------------+
; Parameter Name ; Value ; Type                       ;
+----------------+-------+----------------------------+
; WORD_W         ; 8     ; Signed Integer             ;
; OP_W           ; 3     ; Signed Integer             ;
+----------------+-------+----------------------------+
Note: In order to hide this table in the UI and the text report file, please set the "Show Parameter Settings in Synthesis Report" option in "Analysis and Synthesis Settings -> More Settings" to "Off".


+-----------------------------------------------------+
; Parameter Settings for User Entity Instance: RAM:r1 ;
+----------------+-------+----------------------------+
; Parameter Name ; Value ; Type                       ;
+----------------+-------+----------------------------+
; WORD_W         ; 8     ; Signed Integer             ;
; OP_W           ; 3     ; Signed Integer             ;
+----------------+-------+----------------------------+
Note: In order to hide this table in the UI and the text report file, please set the "Show Parameter Settings in Synthesis Report" option in "Analysis and Synthesis Settings -> More Settings" to "Off".


+-----------------------------------------------------+
; Parameter Settings for User Entity Instance: ROM:r2 ;
+----------------+-------+----------------------------+
; Parameter Name ; Value ; Type                       ;
+----------------+-------+----------------------------+
; WORD_W         ; 8     ; Signed Integer             ;
; OP_W           ; 3     ; Signed Integer             ;
+----------------+-------+----------------------------+
Note: In order to hide this table in the UI and the text report file, please set the "Show Parameter Settings in Synthesis Report" option in "Analysis and Synthesis Settings -> More Settings" to "Off".


+-----------------------------------------------------+
; Parameter Settings for User Entity Instance: SSR:r3 ;
+----------------+-------+----------------------------+
; Parameter Name ; Value ; Type                       ;
+----------------+-------+----------------------------+
; WORD_W         ; 8     ; Signed Integer             ;
; OP_W           ; 3     ; Signed Integer             ;
+----------------+-------+----------------------------+
Note: In order to hide this table in the UI and the text report file, please set the "Show Parameter Settings in Synthesis Report" option in "Analysis and Synthesis Settings -> More Settings" to "Off".


+------------------------------------------------------------------------------+
; Parameter Settings for Inferred Entity Instance: RAM:r1|altsyncram:mem_rtl_0 ;
+------------------------------------+----------------------+------------------+
; Parameter Name                     ; Value                ; Type             ;
+------------------------------------+----------------------+------------------+
; BYTE_SIZE_BLOCK                    ; 8                    ; Untyped          ;
; AUTO_CARRY_CHAINS                  ; ON                   ; AUTO_CARRY       ;
; IGNORE_CARRY_BUFFERS               ; OFF                  ; IGNORE_CARRY     ;
; AUTO_CASCADE_CHAINS                ; ON                   ; AUTO_CASCADE     ;
; IGNORE_CASCADE_BUFFERS             ; OFF                  ; IGNORE_CASCADE   ;
; WIDTH_BYTEENA                      ; 1                    ; Untyped          ;
; OPERATION_MODE                     ; DUAL_PORT            ; Untyped          ;
; WIDTH_A                            ; 8                    ; Untyped          ;
; WIDTHAD_A                          ; 4                    ; Untyped          ;
; NUMWORDS_A                         ; 16                   ; Untyped          ;
; OUTDATA_REG_A                      ; UNREGISTERED         ; Untyped          ;
; ADDRESS_ACLR_A                     ; NONE                 ; Untyped          ;
; OUTDATA_ACLR_A                     ; NONE                 ; Untyped          ;
; WRCONTROL_ACLR_A                   ; NONE                 ; Untyped          ;
; INDATA_ACLR_A                      ; NONE                 ; Untyped          ;
; BYTEENA_ACLR_A                     ; NONE                 ; Untyped          ;
; WIDTH_B                            ; 8                    ; Untyped          ;
; WIDTHAD_B                          ; 4                    ; Untyped          ;
; NUMWORDS_B                         ; 16                   ; Untyped          ;
; INDATA_REG_B                       ; CLOCK1               ; Untyped          ;
; WRCONTROL_WRADDRESS_REG_B          ; CLOCK1               ; Untyped          ;
; RDCONTROL_REG_B                    ; CLOCK1               ; Untyped          ;
; ADDRESS_REG_B                      ; CLOCK0               ; Untyped          ;
; OUTDATA_REG_B                      ; UNREGISTERED         ; Untyped          ;
; BYTEENA_REG_B                      ; CLOCK1               ; Untyped          ;
; INDATA_ACLR_B                      ; NONE                 ; Untyped          ;
; WRCONTROL_ACLR_B                   ; NONE                 ; Untyped          ;
; ADDRESS_ACLR_B                     ; NONE                 ; Untyped          ;
; OUTDATA_ACLR_B                     ; NONE                 ; Untyped          ;
; RDCONTROL_ACLR_B                   ; NONE                 ; Untyped          ;
; BYTEENA_ACLR_B                     ; NONE                 ; Untyped          ;
; WIDTH_BYTEENA_A                    ; 1                    ; Untyped          ;
; WIDTH_BYTEENA_B                    ; 1                    ; Untyped          ;
; RAM_BLOCK_TYPE                     ; AUTO                 ; Untyped          ;
; BYTE_SIZE                          ; 8                    ; Untyped          ;
; READ_DURING_WRITE_MODE_MIXED_PORTS ; OLD_DATA             ; Untyped          ;
; READ_DURING_WRITE_MODE_PORT_A      ; NEW_DATA_NO_NBE_READ ; Untyped          ;
; READ_DURING_WRITE_MODE_PORT_B      ; NEW_DATA_NO_NBE_READ ; Untyped          ;
; INIT_FILE                          ; UNUSED               ; Untyped          ;
; INIT_FILE_LAYOUT                   ; PORT_A               ; Untyped          ;
; MAXIMUM_DEPTH                      ; 0                    ; Untyped          ;
; CLOCK_ENABLE_INPUT_A               ; NORMAL               ; Untyped          ;
; CLOCK_ENABLE_INPUT_B               ; NORMAL               ; Untyped          ;
; CLOCK_ENABLE_OUTPUT_A              ; NORMAL               ; Untyped          ;
; CLOCK_ENABLE_OUTPUT_B              ; NORMAL               ; Untyped          ;
; CLOCK_ENABLE_CORE_A                ; USE_INPUT_CLKEN      ; Untyped          ;
; CLOCK_ENABLE_CORE_B                ; USE_INPUT_CLKEN      ; Untyped          ;
; ENABLE_ECC                         ; FALSE                ; Untyped          ;
; ECC_PIPELINE_STAGE_ENABLED         ; FALSE                ; Untyped          ;
; WIDTH_ECCSTATUS                    ; 3                    ; Untyped          ;
; DEVICE_FAMILY                      ; Cyclone V            ; Untyped          ;
; CBXI_PARAMETER                     ; altsyncram_dfo1      ; Untyped          ;
+------------------------------------+----------------------+------------------+
Note: In order to hide this table in the UI and the text report file, please set the "Show Parameter Settings in Synthesis Report" option in "Analysis and Synthesis Settings -> More Settings" to "Off".


+-------------------------------------------------------------------------+
; altsyncram Parameter Settings by Entity Instance                        ;
+-------------------------------------------+-----------------------------+
; Name                                      ; Value                       ;
+-------------------------------------------+-----------------------------+
; Number of entity instances                ; 1                           ;
; Entity Instance                           ; RAM:r1|altsyncram:mem_rtl_0 ;
;     -- OPERATION_MODE                     ; DUAL_PORT                   ;
;     -- WIDTH_A                            ; 8                           ;
;     -- NUMWORDS_A                         ; 16                          ;
;     -- OUTDATA_REG_A                      ; UNREGISTERED                ;
;     -- WIDTH_B                            ; 8                           ;
;     -- NUMWORDS_B                         ; 16                          ;
;     -- ADDRESS_REG_B                      ; CLOCK0                      ;
;     -- OUTDATA_REG_B                      ; UNREGISTERED                ;
;     -- RAM_BLOCK_TYPE                     ; AUTO                        ;
;     -- READ_DURING_WRITE_MODE_MIXED_PORTS ; OLD_DATA                    ;
+-------------------------------------------+-----------------------------+


+-----------------------------------------------------+
; Post-Synthesis Netlist Statistics for Top Partition ;
+-----------------------+-----------------------------+
; Type                  ; Count                       ;
+-----------------------+-----------------------------+
; arriav_ff             ; 80                          ;
;     CLR               ; 4                           ;
;     ENA               ; 8                           ;
;     ENA CLR           ; 39                          ;
;     ENA CLR SLD       ; 16                          ;
;     plain             ; 13                          ;
; arriav_lcell_comb     ; 139                         ;
;     arith             ; 9                           ;
;         2 data inputs ; 1                           ;
;         4 data inputs ; 6                           ;
;         5 data inputs ; 2                           ;
;     extend            ; 1                           ;
;         7 data inputs ; 1                           ;
;     normal            ; 129                         ;
;         1 data inputs ; 4                           ;
;         2 data inputs ; 8                           ;
;         3 data inputs ; 19                          ;
;         4 data inputs ; 52                          ;
;         5 data inputs ; 21                          ;
;         6 data inputs ; 25                          ;
; boundary_port         ; 38                          ;
; stratixv_ram_block    ; 8                           ;
;                       ;                             ;
; Max LUT depth         ; 5.00                        ;
; Average LUT depth     ; 3.14                        ;
+-----------------------+-----------------------------+


+-------------------------------+
; Elapsed Time Per Partition    ;
+----------------+--------------+
; Partition Name ; Elapsed Time ;
+----------------+--------------+
; Top            ; 00:00:01     ;
+----------------+--------------+


+-------------------------------+
; Analysis & Synthesis Messages ;
+-------------------------------+
Info: *******************************************************************
Info: Running Quartus Prime Analysis & Synthesis
    Info: Version 16.1.2 Build 203 01/18/2017 SJ Standard Edition
    Info: Processing started: Fri Jan 17 14:33:07 2020
Info: Command: quartus_map --read_settings_files=on --write_settings_files=off lab4 -c CPU
Warning (18236): Number of processors has not been specified which may cause overloading on shared machines.  Set the global assignment NUM_PARALLEL_PROCESSORS in your QSF to an appropriate value for best performance.
Info (20030): Parallel compilation is enabled and will use 6 of the 6 processors detected
Info (12021): Found 1 design units, including 1 entities, in source file /d2/cpu2/ssr.sv
    Info (12023): Found entity 1: SSR File: H:/D2/cpu2/ssr.sv Line: 8
Info (12021): Found 1 design units, including 1 entities, in source file /d2/cpu2/sevenseg.sv
    Info (12023): Found entity 1: sevenseg File: H:/D2/cpu2/sevenseg.sv Line: 22
Info (12021): Found 1 design units, including 1 entities, in source file /d2/cpu2/sequencer.sv
    Info (12023): Found entity 1: sequencer File: H:/D2/cpu2/sequencer.sv Line: 22
Info (12021): Found 1 design units, including 1 entities, in source file /d2/cpu2/rom.sv
    Info (12023): Found entity 1: ROM File: H:/D2/cpu2/rom.sv Line: 22
Info (12021): Found 1 design units, including 1 entities, in source file /d2/cpu2/ram.sv
    Info (12023): Found entity 1: RAM File: H:/D2/cpu2/ram.sv Line: 23
Info (12021): Found 1 design units, including 1 entities, in source file /d2/cpu2/pc.sv
    Info (12023): Found entity 1: PC File: H:/D2/cpu2/pc.sv Line: 22
Info (12021): Found 1 design units, including 1 entities, in source file /d2/cpu2/ir.sv
    Info (12023): Found entity 1: IR File: H:/D2/cpu2/ir.sv Line: 22
Info (12021): Found 1 design units, including 1 entities, in source file /d2/cpu2/cpu.sv
    Info (12023): Found entity 1: CPU File: H:/D2/cpu2/cpu.sv Line: 24
Info (12021): Found 1 design units, including 1 entities, in source file /d2/cpu2/alu.sv
    Info (12023): Found entity 1: ALU File: H:/D2/cpu2/alu.sv Line: 22
Info (12127): Elaborating entity "CPU" for the top level hierarchy
Info (12128): Elaborating entity "sequencer" for hierarchy "sequencer:s1" File: H:/D2/cpu2/cpu.sv Line: 37
Info (12128): Elaborating entity "IR" for hierarchy "IR:i1" File: H:/D2/cpu2/cpu.sv Line: 39
Info (12128): Elaborating entity "PC" for hierarchy "PC:p1" File: H:/D2/cpu2/cpu.sv Line: 41
Warning (10230): Verilog HDL assignment warning at pc.sv(37): truncated value with size 32 to match size of target (5) File: H:/D2/cpu2/pc.sv Line: 37
Warning (10230): Verilog HDL assignment warning at pc.sv(39): truncated value with size 8 to match size of target (5) File: H:/D2/cpu2/pc.sv Line: 39
Info (12128): Elaborating entity "ALU" for hierarchy "ALU:a1" File: H:/D2/cpu2/cpu.sv Line: 43
Info (12128): Elaborating entity "RAM" for hierarchy "RAM:r1" File: H:/D2/cpu2/cpu.sv Line: 45
Info (12128): Elaborating entity "ROM" for hierarchy "ROM:r2" File: H:/D2/cpu2/cpu.sv Line: 47
Info (12128): Elaborating entity "SSR" for hierarchy "SSR:r3" File: H:/D2/cpu2/cpu.sv Line: 49
Info (12128): Elaborating entity "sevenseg" for hierarchy "sevenseg:d0" File: H:/D2/cpu2/cpu.sv Line: 53
Warning (276020): Inferred RAM node "RAM:r1|mem_rtl_0" from synchronous design logic.  Pass-through logic has been added to match the read-during-write behavior of the original design.
Warning (13046): Tri-state node(s) do not directly drive top-level pin(s)
    Warning (13048): Converted tri-state node "sysbus[7]" into a selector File: H:/D2/cpu2/sevenseg.sv Line: 26
    Warning (13048): Converted tri-state node "sysbus[6]" into a selector File: H:/D2/cpu2/sevenseg.sv Line: 26
    Warning (13048): Converted tri-state node "sysbus[5]" into a selector File: H:/D2/cpu2/sevenseg.sv Line: 26
    Warning (13048): Converted tri-state node "sysbus[4]" into a selector File: H:/D2/cpu2/sevenseg.sv Line: 26
    Warning (13048): Converted tri-state node "sysbus[3]" into a selector File: H:/D2/cpu2/sevenseg.sv Line: 26
    Warning (13048): Converted tri-state node "sysbus[2]" into a selector File: H:/D2/cpu2/sevenseg.sv Line: 26
    Warning (13048): Converted tri-state node "sysbus[1]" into a selector File: H:/D2/cpu2/sevenseg.sv Line: 26
    Warning (13048): Converted tri-state node "sysbus[0]" into a selector File: H:/D2/cpu2/sevenseg.sv Line: 26
Info (19000): Inferred 1 megafunctions from design logic
    Info (276029): Inferred altsyncram megafunction from the following design logic: "RAM:r1|mem_rtl_0" 
        Info (286033): Parameter OPERATION_MODE set to DUAL_PORT
        Info (286033): Parameter WIDTH_A set to 8
        Info (286033): Parameter WIDTHAD_A set to 4
        Info (286033): Parameter NUMWORDS_A set to 16
        Info (286033): Parameter WIDTH_B set to 8
        Info (286033): Parameter WIDTHAD_B set to 4
        Info (286033): Parameter NUMWORDS_B set to 16
        Info (286033): Parameter ADDRESS_ACLR_A set to NONE
        Info (286033): Parameter OUTDATA_REG_B set to UNREGISTERED
        Info (286033): Parameter ADDRESS_ACLR_B set to NONE
        Info (286033): Parameter OUTDATA_ACLR_B set to NONE
        Info (286033): Parameter ADDRESS_REG_B set to CLOCK0
        Info (286033): Parameter INDATA_ACLR_A set to NONE
        Info (286033): Parameter WRCONTROL_ACLR_A set to NONE
        Info (286033): Parameter READ_DURING_WRITE_MODE_MIXED_PORTS set to OLD_DATA
Info (12130): Elaborated megafunction instantiation "RAM:r1|altsyncram:mem_rtl_0"
Info (12133): Instantiated megafunction "RAM:r1|altsyncram:mem_rtl_0" with the following parameter:
    Info (12134): Parameter "OPERATION_MODE" = "DUAL_PORT"
    Info (12134): Parameter "WIDTH_A" = "8"
    Info (12134): Parameter "WIDTHAD_A" = "4"
    Info (12134): Parameter "NUMWORDS_A" = "16"
    Info (12134): Parameter "WIDTH_B" = "8"
    Info (12134): Parameter "WIDTHAD_B" = "4"
    Info (12134): Parameter "NUMWORDS_B" = "16"
    Info (12134): Parameter "ADDRESS_ACLR_A" = "NONE"
    Info (12134): Parameter "OUTDATA_REG_B" = "UNREGISTERED"
    Info (12134): Parameter "ADDRESS_ACLR_B" = "NONE"
    Info (12134): Parameter "OUTDATA_ACLR_B" = "NONE"
    Info (12134): Parameter "ADDRESS_REG_B" = "CLOCK0"
    Info (12134): Parameter "INDATA_ACLR_A" = "NONE"
    Info (12134): Parameter "WRCONTROL_ACLR_A" = "NONE"
    Info (12134): Parameter "READ_DURING_WRITE_MODE_MIXED_PORTS" = "OLD_DATA"
Info (12021): Found 1 design units, including 1 entities, in source file db/altsyncram_dfo1.tdf
    Info (12023): Found entity 1: altsyncram_dfo1 File: H:/D2/cpu4/db/altsyncram_dfo1.tdf Line: 28
Info (286030): Timing-Driven Synthesis is running
Info (16010): Generating hard_block partition "hard_block:auto_generated_inst"
    Info (16011): Adding 0 node(s), including 0 DDIO, 0 PLL, 0 transceiver and 0 LCELL
Info (21057): Implemented 236 device resources after synthesis - the final resource count might be different
    Info (21058): Implemented 10 input pins
    Info (21059): Implemented 28 output pins
    Info (21061): Implemented 190 logic cells
    Info (21064): Implemented 8 RAM segments
Info: Quartus Prime Analysis & Synthesis was successful. 0 errors, 13 warnings
    Info: Peak virtual memory: 4878 megabytes
    Info: Processing ended: Fri Jan 17 14:33:19 2020
    Info: Elapsed time: 00:00:12
    Info: Total CPU time (on all processors): 00:00:16


